# JRE version: OpenJDK Runtime Environment (8.0_202) (build 1.8.0_202-release-1483-b49-5587405)
# Java VM: OpenJDK 64-Bit Server VM (25.202-b49-5587405 mixed mode linux-amd64 compressed oops)
Heap:
 PSYoungGen      total 392192K, used 0K [0x00000000e0000000, 0x0000000100000000, 0x0000000100000000)
  eden space 252928K, 0% used [0x00000000e0000000,0x00000000e0000000,0x00000000ef700000)
  from space 139264K, 0% used [0x00000000f7800000,0x00000000f7800000,0x0000000100000000)
  to   space 132096K, 0% used [0x00000000ef700000,0x00000000ef700000,0x00000000f7800000)
 ParOldGen       total 244224K, used 208243K [0x00000000a0000000, 0x00000000aee80000, 0x00000000e0000000)
  object space 244224K, 85% used [0x00000000a0000000,0x00000000acb5cd30,0x00000000aee80000)
 Metaspace       used 83989K, capacity 88040K, committed 88152K, reserved 1126400K
  class space    used 10860K, capacity 11590K, committed 11648K, reserved 1048576K
GC Heap History (10 events):
Event: 1470,435 GC heap after
Heap after GC invocations=45 (full 5):
 PSYoungGen      total 385024K, used 3424K [0x00000000e0000000, 0x0000000100000000, 0x0000000100000000)
  eden space 247296K, 0% used [0x00000000e0000000,0x00000000e0000000,0x00000000ef180000)
  from space 137728K, 2% used [0x00000000f7500000,0x00000000f7858000,0x00000000ffb80000)
  to   space 134656K, 0% used [0x00000000ef180000,0x00000000ef180000,0x00000000f7500000)
 ParOldGen       total 244224K, used 81324K [0x00000000a0000000, 0x00000000aee80000, 0x00000000e0000000)
  object space 244224K, 33% used [0x00000000a0000000,0x00000000a4f6b3e8,0x00000000aee80000)
 Metaspace       used 83481K, capacity 87484K, committed 87640K, reserved 1126400K
  class space    used 10817K, capacity 11546K, committed 11648K, reserved 1048576K
}
Event: 1487,064 GC heap before
{Heap before GC invocations=46 (full 5):
 PSYoungGen      total 385024K, used 250720K [0x00000000e0000000, 0x0000000100000000, 0x0000000100000000)
  eden space 247296K, 100% used [0x00000000e0000000,0x00000000ef180000,0x00000000ef180000)
  from space 137728K, 2% used [0x00000000f7500000,0x00000000f7858000,0x00000000ffb80000)
  to   space 134656K, 0% used [0x00000000ef180000,0x00000000ef180000,0x00000000f7500000)
 ParOldGen       total 244224K, used 81324K [0x00000000a0000000, 0x00000000aee80000, 0x00000000e0000000)
  object space 244224K, 33% used [0x00000000a0000000,0x00000000a4f6b3e8,0x00000000aee80000)
 Metaspace       used 83483K, capacity 87484K, committed 87640K, reserved 1126400K
  class space    used 10817K, capacity 11546K, committed 11648K, reserved 1048576K
Event: 1487,251 GC heap after
Heap after GC invocations=46 (full 5):
 PSYoungGen      total 381952K, used 8000K [0x00000000e0000000, 0x00000000ff500000, 0x0000000100000000)
  eden space 247296K, 0% used [0x00000000e0000000,0x00000000e0000000,0x00000000ef180000)
  from space 134656K, 5% used [0x00000000ef180000,0x00000000ef950000,0x00000000f7500000)
  to   space 130560K, 0% used [0x00000000f7580000,0x00000000f7580000,0x00000000ff500000)
 ParOldGen       total 244224K, used 84665K [0x00000000a0000000, 0x00000000aee80000, 0x00000000e0000000)
  object space 244224K, 34% used [0x00000000a0000000,0x00000000a52ae5c8,0x00000000aee80000)
 Metaspace       used 83483K, capacity 87484K, committed 87640K, reserved 1126400K
  class space    used 10817K, capacity 11546K, committed 11648K, reserved 1048576K
}
Event: 1526,563 GC heap before
{Heap before GC invocations=47 (full 5):
 PSYoungGen      total 381952K, used 255290K [0x00000000e0000000, 0x00000000ff500000, 0x0000000100000000)
  eden space 247296K, 99% used [0x00000000e0000000,0x00000000ef17eb48,0x00000000ef180000)
  from space 134656K, 5% used [0x00000000ef180000,0x00000000ef950000,0x00000000f7500000)
  to   space 130560K, 0% used [0x00000000f7580000,0x00000000f7580000,0x00000000ff500000)
 ParOldGen       total 244224K, used 84665K [0x00000000a0000000, 0x00000000aee80000, 0x00000000e0000000)
  object space 244224K, 34% used [0x00000000a0000000,0x00000000a52ae5c8,0x00000000aee80000)
 Metaspace       used 83620K, capacity 87580K, committed 87896K, reserved 1126400K
  class space    used 10832K, capacity 11552K, committed 11648K, reserved 1048576K
Event: 1527,255 GC heap after
Heap after GC invocations=47 (full 5):
 PSYoungGen      total 381440K, used 25466K [0x00000000e0000000, 0x00000000fed00000, 0x0000000100000000)
  eden space 259072K, 0% used [0x00000000e0000000,0x00000000e0000000,0x00000000efd00000)
  from space 122368K, 20% used [0x00000000f7580000,0x00000000f8e5ebf8,0x00000000fed00000)
  to   space 122880K, 0% used [0x00000000efd00000,0x00000000efd00000,0x00000000f7500000)
 ParOldGen       total 244224K, used 86719K [0x00000000a0000000, 0x00000000aee80000, 0x00000000e0000000)
  object space 244224K, 35% used [0x00000000a0000000,0x00000000a54afc08,0x00000000aee80000)
 Metaspace       used 83620K, capacity 87580K, committed 87896K, reserved 1126400K
  class space    used 10832K, capacity 11552K, committed 11648K, reserved 1048576K
}
Event: 1572,526 GC heap before
{Heap before GC invocations=48 (full 5):
 PSYoungGen      total 381440K, used 284538K [0x00000000e0000000, 0x00000000fed00000, 0x0000000100000000)
  eden space 259072K, 100% used [0x00000000e0000000,0x00000000efd00000,0x00000000efd00000)
  from space 122368K, 20% used [0x00000000f7580000,0x00000000f8e5ebf8,0x00000000fed00000)
  to   space 122880K, 0% used [0x00000000efd00000,0x00000000efd00000,0x00000000f7500000)
 ParOldGen       total 244224K, used 86719K [0x00000000a0000000, 0x00000000aee80000, 0x00000000e0000000)
  object space 244224K, 35% used [0x00000000a0000000,0x00000000a54afc08,0x00000000aee80000)
 Metaspace       used 84005K, capacity 88098K, committed 88152K, reserved 1126400K
  class space    used 10866K, capacity 11601K, committed 11648K, reserved 1048576K
Event: 1575,499 GC heap after
Heap after GC invocations=48 (full 5):
 PSYoungGen      total 381952K, used 103576K [0x00000000e0000000, 0x0000000100000000, 0x0000000100000000)
  eden space 259072K, 0% used [0x00000000e0000000,0x00000000e0000000,0x00000000efd00000)
  from space 122880K, 84% used [0x00000000efd00000,0x00000000f62260a8,0x00000000f7500000)
  to   space 139264K, 0% used [0x00000000f7800000,0x00000000f7800000,0x0000000100000000)
 ParOldGen       total 244224K, used 104330K [0x00000000a0000000, 0x00000000aee80000, 0x00000000e0000000)
  object space 244224K, 42% used [0x00000000a0000000,0x00000000a65e29c0,0x00000000aee80000)
 Metaspace       used 84005K, capacity 88098K, committed 88152K, reserved 1126400K
  class space    used 10866K, capacity 11601K, committed 11648K, reserved 1048576K
}
Event: 1601,148 GC heap before
{Heap before GC invocations=49 (full 5):
 PSYoungGen      total 381952K, used 362648K [0x00000000e0000000, 0x0000000100000000, 0x0000000100000000)
  eden space 259072K, 100% used [0x00000000e0000000,0x00000000efd00000,0x00000000efd00000)
  from space 122880K, 84% used [0x00000000efd00000,0x00000000f62260a8,0x00000000f7500000)
  to   space 139264K, 0% used [0x00000000f7800000,0x00000000f7800000,0x0000000100000000)
 ParOldGen       total 244224K, used 104330K [0x00000000a0000000, 0x00000000aee80000, 0x00000000e0000000)
  object space 244224K, 42% used [0x00000000a0000000,0x00000000a65e29c0,0x00000000aee80000)
 Metaspace       used 84024K, capacity 88098K, committed 88152K, reserved 1126400K
  class space    used 10866K, capacity 11601K, committed 11648K, reserved 1048576K
Event: 1606,679 GC heap after
Heap after GC invocations=49 (full 5):
 PSYoungGen      total 392192K, used 47863K [0x00000000e0000000, 0x0000000100000000, 0x0000000100000000)
  eden space 252928K, 0% used [0x00000000e0000000,0x00000000e0000000,0x00000000ef700000)
  from space 139264K, 34% used [0x00000000f7800000,0x00000000fa6bdf08,0x0000000100000000)
  to   space 132096K, 0% used [0x00000000ef700000,0x00000000ef700000,0x00000000f7800000)
 ParOldGen       total 244224K, used 207721K [0x00000000a0000000, 0x00000000aee80000, 0x00000000e0000000)
  object space 244224K, 85% used [0x00000000a0000000,0x00000000acada7f0,0x00000000aee80000)
 Metaspace       used 84024K, capacity 88098K, committed 88152K, reserved 1126400K
  class space    used 10866K, capacity 11601K, committed 11648K, reserved 1048576K
}
Event: 1606,680 GC heap before
{Heap before GC invocations=50 (full 6):
 PSYoungGen      total 392192K, used 47863K [0x00000000e0000000, 0x0000000100000000, 0x0000000100000000)
  eden space 252928K, 0% used [0x00000000e0000000,0x00000000e0000000,0x00000000ef700000)
  from space 139264K, 34% used [0x00000000f7800000,0x00000000fa6bdf08,0x0000000100000000)
  to   space 132096K, 0% used [0x00000000ef700000,0x00000000ef700000,0x00000000f7800000)
 ParOldGen       total 244224K, used 207721K [0x00000000a0000000, 0x00000000aee80000, 0x00000000e0000000)
  object space 244224K, 85% used [0x00000000a0000000,0x00000000acada7f0,0x00000000aee80000)
 Metaspace       used 84024K, capacity 88098K, committed 88152K, reserved 1126400K
  class space    used 10866K, capacity 11601K, committed 11648K, reserved 1048576K

